
############################################################
  Loop #1 — 38 districts remaining
############################################################
    Barwani (21 colleges)
    Singrauli (21 colleges)
    Seoni (26 colleges)
    Shajapur (26 colleges)
    Anuppur (26 colleges)
    Datia (27 colleges)
    Khargone (28 colleges)
    Sidhi (29 colleges)
    Shahdol (29 colleges)
    Dhar (31 colleges)
    Narsimhapur (32 colleges)
    Guna (33 colleges)
    Neemuch (33 colleges)
    Katni (34 colleges)
    Panna (34 colleges)
    Dewas (35 colleges)
    Damoh (36 colleges)
    Sehore (37 colleges)
    Ratlam (39 colleges)
    Mandsaur (40 colleges)
    Raisen (41 colleges)
    Shivpuri (41 colleges)
    Hoshangabad (45 colleges)
    Chhindwara (52 colleges)
    Vidisha (53 colleges)
    Balaghat (55 colleges)
    Betul (58 colleges)
    Morena (58 colleges)
    Chhatarpur (60 colleges)
    Bhind (66 colleges)
    Satna (67 colleges)
    Sagar (72 colleges)
    Ujjain (74 colleges)
    Rewa (81 colleges)
    Jabalpur (161 colleges)
    Gwalior (173 colleges)
    Indore (266 colleges)
    Bhopal (343 colleges)

============================================================
  District: Barwani
  Total: 21, Already done: 16, Pending: 5
============================================================

  [1/5] AADINATH INSTITUTE OF INFORMATION TECHNOLOGY & MANAGEMENT BA
    website: https://www.university.youth4work.com/aiitm_aadinath-institute-of-information-technology-and-management
    delay 10s

  [2/5] VIVEKANAND INSTITUTE OF INFORMATION TECHNOLOGY BARWANI
    website: https://viitbarwani.netlify.app/
    delay 10s

  [3/5] SAHID BHAGAT SINGH INSTITUTE OF INFORMATION TECHNOLOGY
    website: https://www.university.youth4work.com/sbsiit_sahid-bhagat-singh-institute-of-information-technology
    delay 8s

  [4/5] Balaji Institute of Technology, Village - Kerwan, Post Kunwa
    website: https://bharateducation.org/details.php?view_id=6562
    delay 10s

  [5/5] GOVT.POLYTECHNIC COLLEGE BADWANI
    website: https://barwani.nic.in/en/public-utility/govt-polytechnic-college-barwani/
    delay 9s

============================================================
  District: Singrauli
  Total: 21, Already done: 0, Pending: 21
============================================================

  [1/21] SAI COLLEGE,VINDHYA NAGAR,SINGRAULI
    website: https://www.apsurewa.ac.in/en/college-affiliation-notification/sai-college-vindhyanagar-singrauli
    delay 8s

  [2/21] GOVERNMENT GIRLS COLLEGE, WAIDHAN
    website: https://www.apsurewa.ac.in/en/college-affiliation-notification/govt-girls-college-waidhan-singrauli
    delay 9s

  [3/21] N.I.C.T. KANYA COLLEGE, VAIDHAN
    website: https://www.apsurewa.ac.in/en/college-affiliation-notification/govt-girls-college-waidhan-singrauli
    delay 9s

  [4/21] GOVT. RAJNARAYAN SMARTI COLLEGE WAIDHAN,SINGROLI
    website: https://www.apsurewa.ac.in/en/college-affiliation-notification/govt-rajnarayan-smriti-college-waidhan-singrauli-2
    delay 9s

  [5/21] MAYARAM MAHAVIDYALAYA,MEDHOLI MORWA,,SINGRAULI
    website: https://www.apsurewa.ac.in/en/college-affiliation-notification/maya-ram-college-medhauli-singrauli
    delay 9s

  [6/21] AMRIT SHIKSHA COLLEGE, BARGAWAN, SINGRAULI
    website: https://www.apsurewa.ac.in/en/college-affiliation-notification/amrit-shiksha-college-bargavaa-singrauli
    delay 7s

  [7/21] A.V.B.ED COLLEGE,GAHILGARH,VINDHYA NAGAR,SINGRAULI
    website: https://www.apsurewa.ac.in/en/college-affiliation-notification/amrit-vidhyapeeth-b-ed-college-gahilgarh-singrauli
    delay 5s

  [8/21] A.V.S.S COLLEGE.BANULI ,SINGRAULI
    website: https://www.apsurewa.ac.in/en/
    delay 6s

  [9/21] MAHATMA GANDHI COMPUTER INSTITUTE
    website: https://www.apsurewa.ac.in/en/college-affiliation-notification/rajeev-gandhi-college-waidhan-singrauli
    delay 9s

  [10/21] SAINATH SCHOOL OF NURSING, VAIDHAN
    website: https://www.justdial.com/Singrauli/Sai-Nath-School-Of-Nursing-Near-Podni-Nogai-Waidhan/9999P7805-7805-191113191532-A4L9_BZDET
    delay 8s

  [11/21] RAJIV GANDHI COLLEGE,WAISDHAN,SINGRAULI
    website: https://www.apsurewa.ac.in/en/college-affiliation-notification/rajeev-gandhi-college-waidhan-singrauli
    delay 8s

  [12/21] SHRI SAI INSTITUTE OF COMPUTER AND TECHNOLOGY
    no URL found
    delay 7s

  [13/21] GOVERNMENT COLLEGE, SARAI
    found via construction: https://www.gcs.ac.in
    delay 7s

  [14/21] rajeev gandhi computer college
    no URL found
    delay 9s

  [15/21] GOVERNMENT GIRLS COLLEGE, SINGRAULI
    no URL found
    delay 7s

  [16/21] GOVERNMENT COLLEGE, CHITRANGI
    no URL found
    delay 9s

  [17/21] GOVT.COLLEGE DEVSAR, SINGROLI
    no URL found
    delay 9s

  [18/21] S.I.T.E ,SINGRAULI
    no URL found
    delay 8s

  [19/21] SRI SAI MANAGLAM COLLEGE,,SINGRAULI
    found via construction: https://www.ssmc.ac.in
    delay 7s

  [20/21] Sarai Institute of Technology, Sarai
    found via construction: https://www.siots.in
    delay 6s

  [21/21] GOVT.POLYTECHNIC COLLEGE WAIDHAN
    found via construction: https://www.gcw.com
    delay 10s

============================================================
  District: Seoni
  Total: 26, Already done: 0, Pending: 26
============================================================

  [1/26] D.P. Chtaturvedi Science, Commerce College, Seoni
    website: https://www.dpccollege.com/
    delay 9s

  [2/26] Swami Vivekanand Govt. College, Lakhnadon, Seoni
    website: https://mybharat.gov.in/KnowledgeInstitutions/college/19/swami-vivekanand-govt-college-lakhnadon-seoni
    delay 9s

  [3/26] Govt. Degree College, Barghat, Seoni
    website: https://study-india.org/33381-govt_degree_college_barghat_seoni.htm
    delay 10s

  [4/26] Govt. P.G. College, Seoni
    website: http://www.mphighereducation.nic.in/pgcseoni
    delay 6s

  [5/26] Mahakoushal College of Science, Chhapara, Seoni
    website: https://www.justdial.com/Seoni/Mahakoshal-College-Of-Science-Chhapara/9999P7695-7695-170928000045-X3J8_BZDET
    delay 9s

  [6/26] GOVT. COLLEGE GHANSOR
    website: https://study-india.org/53497-govt_college_ghansor.htm
    delay 10s

  [7/26] Govt. Arts Commerce College, Keolari, Seoni
    no URL found
    delay 9s

  [8/26] NARMADA PRASAD PANDEY COLLEGE, GOPAL GANJ
    no URL found
    delay 10s

  [9/26] A C M COLLEGE, Seoni
    no URL found
    delay 6s

  [10/26] GLOBAL LAW COLLEGE
    found via construction: https://www.globallawcollege.in
    delay 7s

  [11/26] Netaji Subhash Chandra Bose Govt. Girls College, seoni
    no URL found
    delay 10s

  [12/26] UNIVERSAL COMPUTER ACADEMY SEONI
    found via construction: https://www.ucas.ac.in
    delay 10s

  [13/26] Govt. Degree College, Chhapara, Seoni
    no URL found
    delay 6s

  [14/26] COMPUTER VEDAS
    no URL found
    delay 5s

  [15/26] CEREBRAL HEIGHTS COMPUTER CENTER
    no URL found
    delay 5s

  [16/26] LOGICAL CONCEPTS COMPUTER EDUCATION SEONI
    no URL found
    delay 6s

  [17/26] ASCENT COMPUTER INSTITUTE
    no URL found
    delay 10s

  [18/26] NIRMILA DEVI GRADUATE COLLEGE
    no URL found
    delay 9s

  [19/26] IPS ACADEMY
    found via construction: https://www.ipsacademy.ac.in
    delay 8s

  [20/26] SECT COMPUTERS, SEONI
    no URL found
    delay 7s

  [21/26] Yashoda Bai Patel College, Khurai, Seoni
    no URL found
    delay 7s

  [22/26] VIVEKANAND KANYA MAHAVIDHALAYA, KHURSARA
    no URL found
    delay 9s

  [23/26] F J COLLEGE, SEONI
    found via construction: https://www.fjcs.org
    delay 8s

  [24/26] MAHAJAN ARTS AND COMMERS COLLEGE, ARANDIY
    no URL found
    delay 7s

  [25/26] GOVT.POLYTECHNIC COLLEGE SEONI
    found via construction: https://www.gcs.ac.in
    delay 9s

  [26/26] MARUTI INSTITUTE OF NURSING, SEONI
    no URL found
    delay 7s

============================================================
  District: Shajapur
  Total: 26, Already done: 0, Pending: 26
============================================================

  [1/26] Shanti Niketan College, Akodiya Mandi
    website: http://www.mphighereducation.nic.in/InstitutePortal/Public/Institute_Profile.aspx?InstId=MTE2OA==
    delay 6s

  [2/26] Govt.College, Maksi
    website: https://shajapur.nic.in/en/public-utility/govt-college-maksi/
    delay 8s

  [3/26] Govt.Girls College, Shajapur
    website: https://shajapur.nic.in/en/public-utility/govt-girls-college-shajapur/
    delay 9s

  [4/26] Govt. College, Nalkheda
    website: https://www.india.gov.in/services/details/institute-student-management-system-jagannath-gomthi-ambavatiya-college-of-education-nalkheda-in-shajapur-madhya-pradesh
    delay 5s

  [5/26] Govt. College, Susner
    website: https://agarmalwa.nic.in/en/public-utility/govt-college-susner/
    delay 7s

  [6/26] B.S.N. Govt College, Shajapur
    website: https://shajapur.nic.in/en/public-utility/govt-balkrishna-sharma-navin-p-g-college/
    delay 7s

  [7/26] Govt. College, Polaykala
    website: https://www.gpcshajapur.ac.in/
    delay 7s

  [8/26] Jagannath Gomthi Ambavatiya College of Edu.Nalkheda, Shajapu
    website: https://www.india.gov.in/services/details/institute-student-management-system-jagannath-gomthi-ambavatiya-college-of-education-nalkheda-in-shajapur-madhya-pradesh
    delay 10s

  [9/26] J.N.S.Govt.College, Shujalpur
    website: https://jnspgcollegeshujalpur.org/
    delay 5s

  [10/26] S.L.V.College, Saraswati College, Shujalpur Mandi
    website: https://collegelok.com/SLVCollege-Saraswati-College-Shujalpur-Mandi/680b26e139952/faculty
    delay 9s

  [11/26] Shri Lal Saxena Smriti College Shujalpur
    website: https://www.careers360.com/colleges/swargiya-srilal-saxena-smarti-mahavidyalaya-shujalpur
    delay 8s

  [12/26] Govt. College, Kalapipal
    website: https://srgcollege.org/
    delay 5s

  [13/26] Dayanand Saraswati College, Shajapur
    website: https://www.facebook.com/p/Dayanand-Saraswati-College-Shajapur-100083214144867/
    delay 9s

  [14/26] V.R.Science & Commerce College, Kalapipal
    website: https://shajapur.nic.in/en/public-utility-category/colleges/
    delay 8s

  [15/26] Navin Sahaj College, Shajapur
    website: https://www.indcareer.com/madhya-pradesh/shajapur/navin-sahaj-college-shajapur
    delay 8s

  [16/26] Sanskar College of Management & Compu. Tech., Agar
    no URL found
    delay 5s

  [17/26] SHUBHAM ACADEMY SHUJALPUR
    found via construction: https://www.sas.org
    delay 7s

  [18/26] Govt. College, Mohan Badodia
    no URL found
    delay 6s

  [19/26] SAMMYAK COMPUTER EDUCATION SHUJALPUR
    no URL found
    delay 10s

  [20/26] SAI INSTITUTE OF COMPUTER SCIENE
    no URL found
    delay 7s

  [21/26] ACMEVISION INSTITUTE OF COMPUTER SCIENCE SHAJAPUR
    no URL found
    delay 10s

  [22/26] SRI AUROBINDO INSTITUTE OF PROFESSIONAL STUDIES SHAJAPUR
    no URL found
    delay 5s

  [23/26] RAMLAKHAN SHIKSHAN SAMITI
    no URL found
    delay 9s

  [24/26] EXCEL INSTITUTE OF PROFESSIONAL STUDIES
    no URL found
    delay 7s

  [25/26] Nehru Govt. College, Agar
    no URL found
    delay 9s

  [26/26] GOVT.POLYTECHNIC COLLEGE SHAJAPUR
    found via construction: https://www.gcs.ac.in
    delay 8s

============================================================
  District: Anuppur
  Total: 26, Already done: 0, Pending: 26
============================================================

  [1/26] GOVT.MAHARAJA MARTAND COLLEGE KOTMA, ANUPUR
    website: https://www.apsurewa.ac.in/en/college-affiliation-notification/govt-maharaja-martand-college-kotma-anuppur
    delay 6s

  [2/26] G.D.C. ,DHANPURI,ANUPPUR
    search failed, retrying in 10s: Page.goto: Timeout 30000ms exceeded.
Call log:
  - navigating to "https://www.google.com/search?q=G.D.C.%20%2CDHANPURI%2CANUPPUR%20SHAHDOL%20Anuppur%20Madhya%20Pradesh%20official%20website&hl=en", waiting until "domcontentloaded"

    website: https://gtcanuppur.ac.in/
    delay 5s

  [3/26] GOVT.PG COLLEGE PUSHPRAJGARH ANUPPUR
    website: https://www.apsurewa.ac.in/en/college-affiliation-notification/govt-college-pushparajgarh-anuppur
    delay 7s

  [4/26] PT. R.G.T.TECHNOLOGY & SCIENCE COLLEGE,ANUPPUR
    website: https://www.aubsp.com/colleges-in-madhya-pradesh/3/
    delay 6s

  [5/26] HARMILAP INSTITUTE OF EXCELLENCE
    website: https://schools.org.in/anuppur/23470806338/govt-hss-excellence-kotma.html
    delay 7s

  [6/26] TATA INSTITUTE OF TECHNOLOGY AND SCIENCE ANUPPUR MP
    website: https://tiss.ac.in/
    delay 7s

  [7/26] DIGITAL INSTITUTE OF TECHNOLOGY & SCIENCE KOTMA
    website: https://isms.mponline.gov.in/
    delay 6s

  [8/26] PRT INSTITUTE OF TECHNOLOGY & SCIENCE ANUPPUR
    website: https://gtcanuppur.ac.in/Content/1910_278_(27)%20MoU%20PRT%20Institute%20Group%20of%20College%20Anuppur.pdf
    delay 7s

  [9/26] Pt T P Shukla Graduate College, Venkatnagar
    website: https://www.apsurewa.ac.in/en/college-affiliation-notification/pdt-t-p-shukla-college-venkat-nagar-anuppur
    delay 7s

  [10/26] MODREN INSTITUTE OF COMPUTER AND TECHNOLOGY
    website: https://www.moderncomputer.org/
    delay 6s

  [11/26] PT. RAMGOPAL TIWARI INSTITUTE OF TECHNOLOGY AND SCIENCES
    website: https://www.apsurewa.ac.in/en/college-affiliation-notification/pdt-ramgopal-tiwari-technical-and-science-college-anuppur-anuppur
    delay 6s

  [12/26] PT. RAMGOPAL TIWARI INSTITUTE OF PROFESSIONAL STUDIES
    website: https://www.apsurewa.ac.in/en/college-affiliation-notification/pdt-ramgopal-tiwari-technical-and-science-college-anuppur-anuppur
    delay 5s

  [13/26] Mahatma Gandhi Institute
    website: https://www.apsurewa.ac.in/en/college-affiliation-notification/govt-college-rajnagar-anuppur
    delay 9s

  [14/26] Bijuri Institute Of technology
    website: https://mcrpv.mponline.gov.in/Portal/Services/MAKHANLAAL/OrgUser/rptEnrollmentDtlsssrs.aspx
    delay 10s

  [15/26] YUVA INSTITUTE OF INFORMATION TECHNOLOGY
    website: https://www.gtcanuppur.ac.in/Content/1398_390_13.Yuva%20utsav%20inter%20University%20level%20students%20list%20%202022-23.pdf
    delay 5s

  [16/26] YOUTH INSTITUTE OF INFORMATION TECHNOLOGY
    website: https://study-india.org/53812-youth_institute_of_information_technology.htm
    delay 9s

  [17/26] HASDEO INSTITUTE OF TECHNOLOGY
    no URL found
    delay 6s

  [18/26] GOVT.TULSHI COLLEGE ANUPPUR
    no URL found
    delay 10s

  [19/26] KOTMA INSTITUTE OF COMPUTER & TECHNOLOGY KOTMA
    no URL found
    delay 6s

  [20/26] GOVT.COLLEGE JAITPUR, ANUPPUR
    found via construction: https://www.gja.com
    delay 6s

  [21/26] SANSKAR LAW COLLEGE,ANUPPUR
    no URL found
    delay 8s

  [22/26] MAA BIRASANI INSTITUTE OF INFORMATION TECHNOLOGY
    no URL found
    delay 7s

  [23/26] PIONEER COLLEGE OF EDUCATION,MEIDARAS,ANUPPUR
    no URL found
    delay 8s

  [24/26] KALYANIKA KENDRIYA SHIKSHA NIKETAN, AMRKANTAK
    found via construction: https://www.kksna.com
    delay 7s

  [25/26] Indira Gandhi National Tribal University, Amarkantak
    no URL found
    delay 10s

  [26/26] GOVT.POLYTECHNIC COLLEGE ANUPPUR
    found via construction: https://www.gca.org
    delay 7s

============================================================
  District: Datia
  Total: 27, Already done: 8, Pending: 19
============================================================

  [1/19] GOVT V R S COLLEGE, BHANDER
    website: https://mybharat.gov.in/KnowledgeInstitutions/college/19/govt-vijaya-raje-sindhiya-college-bhander
    delay 10s

  [2/19] GOVT. PG COLLEGE
    website: https://www.govtpgcdatia.ac.in/
    delay 6s

  [3/19] SAI KRIPA COLLEGE OF EDUCATION
    website: https://saikripaschool.com/
    delay 9s

  [4/19] SHRI SWAMI JI MAHARAJ COLLEGE OF EDUCATION
    website: https://www.ssmdatia.com/
    delay 5s

  [5/19] S B COLLEGE
    website: https://collegeindia.in/college/40640-sb-college-sbc/contact
    delay 9s

  [6/19] sarvodaya institute for professional studies
    no URL found
    delay 5s

  [7/19] Nagaji Institute of Technology and Management, Sheoda Road, 
    no URL found
    delay 8s

  [8/19] RASS-JB INSTITUTE FOR PROFESSIONAL STUDIES DATIA
    no URL found
    delay 8s

  [9/19] JAI SHREE SAI COLLEGE OF COMPUTER AND MANAGEMENT
    no URL found
    delay 5s

  [10/19] GOVT. GOVIND DEGREE COLLEGE SEBDA
    no URL found
    delay 10s

  [11/19] GOVERNMENT COLLEGE, INDERGARH, DATIA
    found via construction: https://www.gcid.org
    delay 8s

  [12/19] BHARAT INSTITUTE OF TECHNOLOGY AND SCIENCE DATIA
    no URL found
    delay 5s

  [13/19] Unique Computer Center
    found via construction: https://uniquecomputercenter.in
    delay 8s

  [14/19] SHRI RAWATPURA SARKAR INSTITUTE OF SCIENCE & EDUCATION
    no URL found
    delay 9s

  [15/19] GOVT. GIRLS COLLEGE
    no URL found
    delay 7s

  [16/19] LORD KRISHNA COLLEGE OF NURSING DATIA
    no URL found
    delay 8s

  [17/19] N S MEMORIAL SCHOOL OF NURSING DATIA
    no URL found
    delay 6s

  [18/19] SHRI RAWATPURA SARKAR SCHOOL OF NURSING DATIA
    no URL found
    delay 7s

  [19/19] SHRI SWAMIJI MAHARAJ COLLEGE OF NURSING DATIA
    no URL found
    delay 10s

============================================================
  District: Khargone
  Total: 28, Already done: 7, Pending: 21
============================================================

  [1/21] Govt. Girls College, Khargone
    website: http://www.gdckhargone.org/
    delay 7s

  [2/21] Rahat College of Nursing, Khargone
    website: https://mynursingadmission.com/college/rahat-college-of-nursing-khargone/
    delay 7s

  [3/21] Abhigyan Girls College, Sanawad, Khargone
    website: https://www.justdial.com/Sanawad/Abhigyan-Girls-College-Sanawad-Near-Hanuman-Mandir-Khargone-Road/9999P7282-7282-181217121501-T6W4_BZDET
    delay 7s

  [4/21] Shri Rewa Gurjar Bal Niketan College, Sanawad
    website: https://www.srgbnc.org/
    delay 7s

  [5/21] Govt. College, Bhikangaon
    website: https://highereducation.mp.gov.in/?page=FBymqZMwiGvweZ3X1crIHA%3D%3D&orgid=257
    delay 5s

  [6/21] Sardar Vallabh Bhai Patel College, Mandleshwar
    website: https://www.justdial.com/Khargone/Sardar-Vallabh-Bhai-Patel-College-Mandleshwar/9999P7282-7282-170612164808-T6G6_BZDET
    delay 7s

  [7/21] Govt. College, Sanawad
    website: https://khargone.nic.in/en/public-utility/government-college-sanawad/
    delay 8s

  [8/21] NARMADAÃ‚Â VALLEYÃ‚Â INSTITUTEÃ‚Â OF PROFESSIONAL STUDIES, B
    website: http://nvisbarwaha.in/
    delay 10s

  [9/21] NIMAR INSTITUTE OF INFORMATION TECHNOLOGY & SCIENCE , KHARGO
    no URL found
    delay 5s

  [10/21] MODAK INSTITUTE OF COMPUTER & MANAGEMENT KHARGONE
    no URL found
    delay 9s

  [11/21] NICE COMPUTER EDUCATION
    found via construction: https://www.nce.ac.in
    delay 5s

  [12/21] PARAKH INSTITUTE OF PROFESSIONAL STUDIES
    no URL found
    delay 8s

  [13/21] SEVA BHARTI COMPUTER TRAINING CENTER
    found via construction: https://sbctc.com
    delay 8s

  [14/21] GLOBAL INSTITUTE OF INFORMATION TECHNOLOGY
    no URL found
    delay 7s

  [15/21] Shri Umiya Girls College, Mandleshwar
    no URL found
    delay 6s

  [16/21] UMIYA KANYA SHIKSHA MAHAVIDYALYA MANDLESHWAR, KHARGONE
    no URL found
    delay 7s

  [17/21] Govt. P.G. College, Khargone
    found via construction: https://www.gpck.com
    delay 8s

  [18/21] Govt. College, Mandleshwar
    no URL found
    delay 6s

  [19/21] DEVI RUKMANI SHIKSHA TRAINING INSTITUTE KHARGAON
    no URL found
    delay 8s

  [20/21] GOVT.POLYTECHNIC COLLEGE KHARGONE
    no URL found
    delay 8s

  [21/21] SUBHISHI SCHOOL OF NURSING KHARGONE
    no URL found
    delay 6s

============================================================
  District: Sidhi
  Total: 29, Already done: 10, Pending: 19
============================================================

  [1/19] EKLAVYA COLLEGE, SINGRAULI ROAD, SIDHI
    website: https://www.university.youth4work.com/ec_eklavya-college-sidhi
    delay 8s

  [2/19] CENTRE FOR MANAGEMENT & INFORMATION TECHNOLOGY SIDHI
    website: https://www.university.youth4work.com/cmits_centre-for-management-and-information-technology-sidhi
    delay 9s

  [3/19] S.I.T. COLLEGE OF EDUCATION, JAMORI, SIDHI
    website: https://www.apsurewa.ac.in/en/college-affiliation-notification/s-i-t-college-of-education-jamodi-sidhi
    delay 10s

  [4/19] S.I.T COLLEGE,SIDHI
    website: https://www.apsurewa.ac.in/en/college-affiliation-notification/s-i-t-college-sidhi-sidhi
    delay 10s

  [5/19] EDUCATION COLLEGE,,SIDHI
    website: https://sgsgovtpgcollegesidhi.org/
    delay 5s

  [6/19] RAJEEV GANDHI INSTITUTE OF COMPUTER TECHNOLOGY SINGRAULI
    website: https://www.apsurewa.ac.in/en/college-affiliation-notification/rajeev-gandhi-college-waidhan-singrauli
    delay 8s

  [7/19] SINGRAULI INSTITUTE OF COMPUTER TECHNOLOGY SINGRAULI
    no URL found
    delay 5s

  [8/19] NICT COMPUTER ACADEMY SINGRAULI
    found via construction: https://www.ncas.org
    delay 9s

  [9/19] URJANCHAL COMPUTER ACADEMY SINGRAULI
    found via construction: https://www.ucas.ac.in
    delay 10s

  [10/19] GOVT.ART&COMM. COLLEGE RAMPUR NAIKIN, SIDHI
    no URL found
    delay 5s

  [11/19] Sidhi Institute of Professional Studies 8267
    no URL found
    delay 5s

  [12/19] SHRI SAI COLLEGE, SIDHI
    no URL found
    delay 5s

  [13/19] shree ram institute of professional studies baro sidho
    no URL found
    delay 5s

  [14/19] yes institute of professional studies kham sidhi
    no URL found
    delay 8s

  [15/19] shri ganesh college of education
    no URL found
    delay 10s

  [16/19] GOVT.SANJAY GANDHI SMARTI COLLEGE SIDHI
    no URL found
    delay 5s

  [17/19] KAMLA SMRITI COLLEGE,AMAHA,SIDHI
    no URL found
    delay 9s

  [18/19] COLLEGE OF MANAGEMENT SCIENCE,,SIDHI
    no URL found
    delay 9s

  [19/19] GOVT.POLYTECHNIC COLLEGE SIDHI
    no URL found
    delay 10s

============================================================
  District: Shahdol
  Total: 29, Already done: 24, Pending: 5
============================================================

  [1/5] VIDYA INSTITUTE OF COMPUTER TECHNOLOGY SHAHDOL
    website: https://www.justdial.com/Shahdol/Vidya-Institute-Of-Computer-Technology-Shahdol-Burhar-Road/9999P7652-7652-230211134133-N5L4_BZDET
    delay 5s

  [2/5] GOVT. NEHRU COLLEGE BUDHAR,SHAHDOL
    website: https://www.apsurewa.ac.in/en/college-affiliation-notification/govt-nehru-college-budhar-shahdol
    delay 7s

  [3/5] GOVT.P.G COLLEGE, BYOUHARI,SHAHDOL
    website: https://www.apsurewa.ac.in/en/college-affiliation-notification/govt-college-beohari-shahdol
    delay 5s

  [4/5] C.P. TIWARI SMRITI COLLEGE, AMJHORE, DITT. SHAHDOL
    website: https://www.apsurewa.ac.in/en/college-affiliation-notification/dr-c-p-tiwari-memorial-college-amjhor-shahdol
    delay 6s

  [5/5] GOVT. PANDIT SHAMBHUNATH SHUKL COLLEGE, SHAHDOL
    website: https://ptsnsuniversity.ac.in/
    delay 7s

============================================================
  District: Dhar
  Total: 31, Already done: 21, Pending: 10
============================================================

  [1/10] SUYASH COMPUTER EDUCATION DHAMNOD
    website: https://suyashcomputeredu.com/
    delay 5s

  [2/10] MAA NARMADA INSTITUTE OF PROFESSIONAL EDUCATION DHAMNOD
    website: https://www.maanarmadaeducation.org/
    delay 6s

  [3/10] DAKSH ACADEMY DHAR
    website: https://dakshacademy.com/
    delay 9s

  [4/10] career computer education
    website: https://www.justdial.com/Dhar/Career-Computer-Education-Manawar/9999P7292-7292-230504002343-T6T9_BZDET
    delay 6s

  [5/10] Government Aanad Music College Dhar
    website: https://dhar.nic.in/en/education/
    delay 7s

  [6/10] Govt. Autonomous P.G. College, Dhar
    website: https://www.dauniv.ac.in/frontassets/notices/4.Maharaja-Bhoj-College-List.pdf
    delay 9s

  [7/10] Govt. College, Manawar
    found via construction: https://www.gcm.co.in
    delay 10s

  [8/10] Yash College of Educaton, Badnawar
    no URL found
    delay 5s

  [9/10] Adarsh Institute of Management and Science, Dhamnod
    no URL found
    delay 5s

  [10/10] S.M. Sidha College of Education, Dhar
    no URL found
    delay 9s

============================================================
  District: Narsimhapur
  Total: 32, Already done: 32, Pending: 0
============================================================
  Nothing to scrape.

  ⚠ Narsimhapur not complete. Retry #1/3 in 30s...

============================================================
  District: Narsimhapur
  Total: 32, Already done: 32, Pending: 0
============================================================
  Nothing to scrape.

  ⚠ Narsimhapur not complete. Retry #2/3 in 60s...

============================================================
  District: Narsimhapur